<?xml version="1.0" encoding="UTF-8"?>
<!-- Generated by org.testng.reporters.JUnitReportReporter -->
<testsuite hostname="DESKTOP-QMA7PH3" failures="0" tests="2" name="test.itexps.com.MySeleniumTest" time="8.629" errors="0" timestamp="11 May 2023 18:10:50 GMT">
  <testcase classname="test.itexps.com.MySeleniumTest" name="testGoogle" time="3.653"/>
  <testcase classname="test.itexps.com.MySeleniumTest" name="testItexps" time="4.976"/>
</testsuite> <!-- test.itexps.com.MySeleniumTest -->
